<?xml version="1.0" encoding="UTF-8"?>
<testsuite xmlns:xsi="http://www.w3.org/2001/XMLSchema-instance" xsi:noNamespaceSchemaLocation="https://maven.apache.org/surefire/maven-surefire-plugin/xsd/surefire-test-report.xsd" name="TestSuite" time="109.88" tests="1" errors="0" skipped="0" failures="1">
  <properties>
[...]
</properties>
  <testcase name="UserRegAndMakeOrder" classname="TestCases.RegisterAndMakeOrder" time="61.978">
    <failure message="element not interactable: element has zero size&#10;  (Session info: chrome=88.0.4324.190)&#10;Build info: version: &apos;3.12.0&apos;, revision: &apos;7c6e0b3&apos;, time: &apos;2018-05-08T14:04:26.12Z&apos;&#10;System info: host: &apos;EG-5CG9363CLN&apos;, ip: &apos;192.168.8.102&apos;, os.name: &apos;Windows 10&apos;, os.arch: &apos;amd64&apos;, os.version: &apos;10.0&apos;, java.version: &apos;15.0.1&apos;&#10;Driver info: org.openqa.selenium.chrome.ChromeDriver&#10;Capabilities {acceptInsecureCerts: false, browserName: chrome, browserVersion: 88.0.4324.190, chrome: {chromedriverVersion: 88.0.4324.96 (68dba2d8a0b14..., userDataDir: C:\Users\lasl\AppData\Local...}, goog:chromeOptions: {debuggerAddress: localhost:50416}, javascriptEnabled: true, networkConnectionEnabled: false, pageLoadStrategy: normal, platform: WINDOWS, platformName: WINDOWS, proxy: Proxy(), setWindowRect: true, strictFileInteractability: false, timeouts: {implicit: 0, pageLoad: 300000, script: 30000}, unhandledPromptBehavior: dismiss and notify, webauthn:extension:largeBlob: true, webauthn:virtualAuthenticators: true}&#10;Session ID: 5fb76095ab8dc82d1ab460f0236e8fb0" type="org.openqa.selenium.ElementNotInteractableException">org.openqa.selenium.ElementNotInteractableException: 
element not interactable: element has zero size
  (Session info: chrome=88.0.4324.190)
Build info: version: '3.12.0', revision: '7c6e0b3', time: '2018-05-08T14:04:26.12Z'
System info: host: 'EG-5CG9363CLN', ip: '192.168.8.102', os.name: 'Windows 10', os.arch: 'amd64', os.version: '10.0', java.version: '15.0.1'
Driver info: org.openqa.selenium.chrome.ChromeDriver
Capabilities {acceptInsecureCerts: false, browserName: chrome, browserVersion: 88.0.4324.190, chrome: {chromedriverVersion: 88.0.4324.96 (68dba2d8a0b14..., userDataDir: C:\Users\lasl\AppData\Local...}, goog:chromeOptions: {debuggerAddress: localhost:50416}, javascriptEnabled: true, networkConnectionEnabled: false, pageLoadStrategy: normal, platform: WINDOWS, platformName: WINDOWS, proxy: Proxy(), setWindowRect: true, strictFileInteractability: false, timeouts: {implicit: 0, pageLoad: 300000, script: 30000}, unhandledPromptBehavior: dismiss and notify, webauthn:extension:largeBlob: true, webauthn:virtualAuthenticators: true}
Session ID: 5fb76095ab8dc82d1ab460f0236e8fb0
	at TestCases.RegisterAndMakeOrder.UserRegAndMakeOrder(RegisterAndMakeOrder.java:62)
</failure>
    <system-out><![CDATA[[TestNGContentHandler] [WARN] It is strongly recommended to add "<!DOCTYPE suite SYSTEM "http://testng.org/testng-1.0.dtd" >" at the top of your file, otherwise TestNG may fail or not work as expected.
No features found at [classpath:TestCases]
User Registered Successfully
'Women'Category Selected Successfully
[Faded Short Sleeve T-shirts]
[Faded Short Sleeve T-shirts, $16.51]
[Faded Short Sleeve T-shirts, $16.51, Blouse]
[Faded Short Sleeve T-shirts, $16.51, Blouse, $27.00]
[Faded Short Sleeve T-shirts, $16.51, Blouse, $27.00, Printed Dress]
[Faded Short Sleeve T-shirts, $16.51, Blouse, $27.00, Printed Dress, $26.00]
[Faded Short Sleeve T-shirts, $16.51, Blouse, $27.00, Printed Dress, $26.00, Printed Dress]
[Faded Short Sleeve T-shirts, $16.51, Blouse, $27.00, Printed Dress, $26.00, Printed Dress, $50.99]
[Faded Short Sleeve T-shirts, $16.51, Blouse, $27.00, Printed Dress, $26.00, Printed Dress, $50.99, Printed Summer Dress]
[Faded Short Sleeve T-shirts, $16.51, Blouse, $27.00, Printed Dress, $26.00, Printed Dress, $50.99, Printed Summer Dress, $28.98]
]]></system-out>
    <system-err><![CDATA[SLF4J: Failed to load class "org.slf4j.impl.StaticLoggerBinder".
SLF4J: Defaulting to no-operation (NOP) logger implementation
SLF4J: See http://www.slf4j.org/codes.html#StaticLoggerBinder for further details.
Starting ChromeDriver 88.0.4324.96 (68dba2d8a0b149a1d3afac56fa74648032bcf46b-refs/branch-heads/4324@{#1784}) on port 21477
Only local connections are allowed.
Please see https://chromedriver.chromium.org/security-considerations for suggestions on keeping ChromeDriver safe.
ChromeDriver was started successfully.
Feb 25, 2021 2:22:46 PM org.openqa.selenium.remote.ProtocolHandshake createSession
INFO: Detected dialect: W3C
]]></system-err>
  </testcase>
</testsuite>